<?xml version="1.0" encoding="UTF-8"?>
<!-- Generated by org.testng.reporters.JUnitReportReporter -->
<testsuite hostname="DESKTOP-BA9KQCU" failures="0" tests="1" name="stepdefinitions.Signupfeatureteps" time="22.913" errors="0" timestamp="2024-03-16T18:15:07 CDT" skipped="0">
  <testcase classname="stepdefinitions.Signupfeatureteps" name="username_password" time="22.913"/>
</testsuite> <!-- stepdefinitions.Signupfeatureteps -->
