<?xml version="1.0" encoding="UTF-8"?>
<!-- Generated by org.testng.reporters.JUnitReportReporter -->
<testsuite hostname="DESKTOP-BA9KQCU" failures="0" tests="1" name="stepdefinitions.SignupFeatureSteps" time="5.176" errors="0" timestamp="2024-03-18T18:15:37 CDT" skipped="0">
  <testcase classname="stepdefinitions.SignupFeatureSteps" name="username_password" time="5.176"/>
</testsuite> <!-- stepdefinitions.SignupFeatureSteps -->
